# JRE version: OpenJDK Runtime Environment Temurin-17.0.11+9 (17.0.11+9) (build 17.0.11+9)
# Java VM: OpenJDK 64-Bit Server VM Temurin-17.0.11+9 (17.0.11+9, mixed mode, emulated-client, tiered, compressed oops, compressed class ptrs, g1 gc, windows-amd64)
GC Precious Log:
 CPUs: 4 total, 4 available
 Memory: 3984M
 Large Page Support: Disabled
 NUMA Support: Disabled
 Compressed Oops: Enabled (32-bit)
 Heap Region Size: 1M
 Heap Min Capacity: 8M
 Heap Initial Capacity: 64M
 Heap Max Capacity: 1G
 Pre-touch: Disabled
 Parallel Workers: 4
 Concurrent Workers: 1
 Concurrent Refinement Workers: 4
 Periodic GC: Disabled
Heap:
 garbage-first heap   total 116736K, used 40288K [0x00000000c0000000, 0x0000000100000000)
  region size 1024K, 1 young (1024K), 0 survivors (0K)
 Metaspace       used 63190K, committed 63680K, reserved 1114112K
  class space    used 8085K, committed 8320K, reserved 1048576K
GC Heap History (20 events):
Event: 99299.846 GC heap before
{Heap before GC invocations=3404 (full 3305):
 garbage-first heap   total 116736K, used 40288K [0x00000000c0000000, 0x0000000100000000)
  region size 1024K, 1 young (1024K), 0 survivors (0K)
 Metaspace       used 63190K, committed 63680K, reserved 1114112K
  class space    used 8085K, committed 8320K, reserved 1048576K
}
Event: 99299.927 GC heap after
{Heap after GC invocations=3405 (full 3306):
 garbage-first heap   total 116736K, used 40288K [0x00000000c0000000, 0x0000000100000000)
  region size 1024K, 0 young (0K), 0 survivors (0K)
 Metaspace       used 63190K, committed 63680K, reserved 1114112K
  class space    used 8085K, committed 8320K, reserved 1048576K
}
Event: 99311.810 GC heap before
{Heap before GC invocations=3405 (full 3306):
 garbage-first heap   total 116736K, used 40288K [0x00000000c0000000, 0x0000000100000000)
  region size 1024K, 1 young (1024K), 0 survivors (0K)
 Metaspace       used 63190K, committed 63680K, reserved 1114112K
  class space    used 8085K, committed 8320K, reserved 1048576K
}
Event: 99311.916 GC heap after
{Heap after GC invocations=3406 (full 3307):
 garbage-first heap   total 116736K, used 40288K [0x00000000c0000000, 0x0000000100000000)
  region size 1024K, 0 young (0K), 0 survivors (0K)
 Metaspace       used 63190K, committed 63680K, reserved 1114112K
  class space    used 8085K, committed 8320K, reserved 1048576K
}
Event: 99324.049 GC heap before
{Heap before GC invocations=3406 (full 3307):
 garbage-first heap   total 116736K, used 40288K [0x00000000c0000000, 0x0000000100000000)
  region size 1024K, 1 young (1024K), 0 survivors (0K)
 Metaspace       used 63190K, committed 63680K, reserved 1114112K
  class space    used 8085K, committed 8320K, reserved 1048576K
}
Event: 99324.300 GC heap after
{Heap after GC invocations=3407 (full 3308):
 garbage-first heap   total 116736K, used 40288K [0x00000000c0000000, 0x0000000100000000)
  region size 1024K, 0 young (0K), 0 survivors (0K)
 Metaspace       used 63190K, committed 63680K, reserved 1114112K
  class space    used 8085K, committed 8320K, reserved 1048576K
}
Event: 99337.031 GC heap before
{Heap before GC invocations=3407 (full 3308):
 garbage-first heap   total 116736K, used 40288K [0x00000000c0000000, 0x0000000100000000)
  region size 1024K, 1 young (1024K), 0 survivors (0K)
 Metaspace       used 63190K, committed 63680K, reserved 1114112K
  class space    used 8085K, committed 8320K, reserved 1048576K
}
Event: 99337.134 GC heap after
{Heap after GC invocations=3408 (full 3309):
 garbage-first heap   total 116736K, used 40288K [0x00000000c0000000, 0x0000000100000000)
  region size 1024K, 0 young (0K), 0 survivors (0K)
 Metaspace       used 63190K, committed 63680K, reserved 1114112K
  class space    used 8085K, committed 8320K, reserved 1048576K
}
Event: 99349.530 GC heap before
{Heap before GC invocations=3408 (full 3309):
 garbage-first heap   total 116736K, used 40288K [0x00000000c0000000, 0x0000000100000000)
  region size 1024K, 1 young (1024K), 0 survivors (0K)
 Metaspace       used 63190K, committed 63680K, reserved 1114112K
  class space    used 8085K, committed 8320K, reserved 1048576K
}
Event: 99349.633 GC heap after
{Heap after GC invocations=3409 (full 3310):
 garbage-first heap   total 116736K, used 40288K [0x00000000c0000000, 0x0000000100000000)
  region size 1024K, 0 young (0K), 0 survivors (0K)
 Metaspace       used 63190K, committed 63680K, reserved 1114112K
  class space    used 8085K, committed 8320K, reserved 1048576K
}
Event: 99359.971 GC heap before
{Heap before GC invocations=3409 (full 3310):
 garbage-first heap   total 116736K, used 40288K [0x00000000c0000000, 0x0000000100000000)
  region size 1024K, 1 young (1024K), 0 survivors (0K)
 Metaspace       used 63190K, committed 63680K, reserved 1114112K
  class space    used 8085K, committed 8320K, reserved 1048576K
}
Event: 99360.065 GC heap after
{Heap after GC invocations=3410 (full 3311):
 garbage-first heap   total 116736K, used 40288K [0x00000000c0000000, 0x0000000100000000)
  region size 1024K, 0 young (0K), 0 survivors (0K)
 Metaspace       used 63190K, committed 63680K, reserved 1114112K
  class space    used 8085K, committed 8320K, reserved 1048576K
}
Event: 99371.329 GC heap before
{Heap before GC invocations=3410 (full 3311):
 garbage-first heap   total 116736K, used 40288K [0x00000000c0000000, 0x0000000100000000)
  region size 1024K, 1 young (1024K), 0 survivors (0K)
 Metaspace       used 63190K, committed 63680K, reserved 1114112K
  class space    used 8085K, committed 8320K, reserved 1048576K
}
Event: 99371.440 GC heap after
{Heap after GC invocations=3411 (full 3312):
 garbage-first heap   total 116736K, used 40288K [0x00000000c0000000, 0x0000000100000000)
  region size 1024K, 0 young (0K), 0 survivors (0K)
 Metaspace       used 63190K, committed 63680K, reserved 1114112K
  class space    used 8085K, committed 8320K, reserved 1048576K
}
Event: 99382.040 GC heap before
{Heap before GC invocations=3411 (full 3312):
 garbage-first heap   total 116736K, used 40288K [0x00000000c0000000, 0x0000000100000000)
  region size 1024K, 1 young (1024K), 0 survivors (0K)
 Metaspace       used 63190K, committed 63680K, reserved 1114112K
  class space    used 8085K, committed 8320K, reserved 1048576K
}
Event: 99382.151 GC heap after
{Heap after GC invocations=3412 (full 3313):
 garbage-first heap   total 116736K, used 40288K [0x00000000c0000000, 0x0000000100000000)
  region size 1024K, 0 young (0K), 0 survivors (0K)
 Metaspace       used 63190K, committed 63680K, reserved 1114112K
  class space    used 8085K, committed 8320K, reserved 1048576K
}
Event: 99393.720 GC heap before
{Heap before GC invocations=3412 (full 3313):
 garbage-first heap   total 116736K, used 40288K [0x00000000c0000000, 0x0000000100000000)
  region size 1024K, 1 young (1024K), 0 survivors (0K)
 Metaspace       used 63190K, committed 63680K, reserved 1114112K
  class space    used 8085K, committed 8320K, reserved 1048576K
}
Event: 99393.817 GC heap after
{Heap after GC invocations=3413 (full 3314):
 garbage-first heap   total 116736K, used 40288K [0x00000000c0000000, 0x0000000100000000)
  region size 1024K, 0 young (0K), 0 survivors (0K)
 Metaspace       used 63190K, committed 63680K, reserved 1114112K
  class space    used 8085K, committed 8320K, reserved 1048576K
}
Event: 99405.926 GC heap before
{Heap before GC invocations=3413 (full 3314):
 garbage-first heap   total 116736K, used 40288K [0x00000000c0000000, 0x0000000100000000)
  region size 1024K, 1 young (1024K), 0 survivors (0K)
 Metaspace       used 63190K, committed 63680K, reserved 1114112K
  class space    used 8085K, committed 8320K, reserved 1048576K
}
Event: 99406.044 GC heap after
{Heap after GC invocations=3414 (full 3315):
 garbage-first heap   total 116736K, used 40288K [0x00000000c0000000, 0x0000000100000000)
  region size 1024K, 0 young (0K), 0 survivors (0K)
 Metaspace       used 63190K, committed 63680K, reserved 1114112K
  class space    used 8085K, committed 8320K, reserved 1048576K
}

