# JRE version: OpenJDK Runtime Environment Temurin-17.0.11+9 (17.0.11+9) (build 17.0.11+9)
# Java VM: OpenJDK 64-Bit Server VM Temurin-17.0.11+9 (17.0.11+9, mixed mode, tiered, compressed oops, compressed class ptrs, parallel gc, windows-amd64)
GC Precious Log:
 CPUs: 4 total, 4 available
 Memory: 3984M
 Large Page Support: Disabled
 NUMA Support: Disabled
 Compressed Oops: Enabled (32-bit)
 Alignments: Space 512K, Generation 512K, Heap 2M
 Heap Min Capacity: 100M
 Heap Initial Capacity: 100M
 Heap Max Capacity: 1G
 Pre-touch: Disabled
 Parallel Workers: 4
Heap:
 PSYoungGen      total 2560K, used 2398K [0x00000000eab00000, 0x00000000eae80000, 0x0000000100000000)
  eden space 1536K, 100% used [0x00000000eab00000,0x00000000eac80000,0x00000000eac80000)
  from space 1024K, 84% used [0x00000000ead80000,0x00000000eae57a18,0x00000000eae80000)
  to   space 1024K, 76% used [0x00000000eac80000,0x00000000ead436b8,0x00000000ead80000)
 ParOldGen       total 172544K, used 170114K [0x00000000c0000000, 0x00000000ca880000, 0x00000000eab00000)
  object space 172544K, 98% used [0x00000000c0000000,0x00000000ca620868,0x00000000ca880000)
 Metaspace       used 83139K, committed 84608K, reserved 1179648K
  class space    used 8585K, committed 9152K, reserved 1048576K
GC Heap History (20 events):
Event: 283.408 GC heap after
{Heap after GC invocations=651 (full 13):
 PSYoungGen      total 4096K, used 807K [0x00000000eab00000, 0x00000000eb000000, 0x0000000100000000)
  eden space 3072K, 0% used [0x00000000eab00000,0x00000000eab00000,0x00000000eae00000)
  from space 1024K, 78% used [0x00000000eaf00000,0x00000000eafc9d38,0x00000000eb000000)
  to   space 1024K, 0% used [0x00000000eae00000,0x00000000eae00000,0x00000000eaf00000)
 ParOldGen       total 172544K, used 165096K [0x00000000c0000000, 0x00000000ca880000, 0x00000000eab00000)
  object space 172544K, 95% used [0x00000000c0000000,0x00000000ca13a368,0x00000000ca880000)
 Metaspace       used 83139K, committed 84608K, reserved 1179648K
  class space    used 8585K, committed 9152K, reserved 1048576K
}
Event: 283.453 GC heap before
{Heap before GC invocations=652 (full 13):
 PSYoungGen      total 4096K, used 3879K [0x00000000eab00000, 0x00000000eb000000, 0x0000000100000000)
  eden space 3072K, 100% used [0x00000000eab00000,0x00000000eae00000,0x00000000eae00000)
  from space 1024K, 78% used [0x00000000eaf00000,0x00000000eafc9d38,0x00000000eb000000)
  to   space 1024K, 0% used [0x00000000eae00000,0x00000000eae00000,0x00000000eaf00000)
 ParOldGen       total 172544K, used 165096K [0x00000000c0000000, 0x00000000ca880000, 0x00000000eab00000)
  object space 172544K, 95% used [0x00000000c0000000,0x00000000ca13a368,0x00000000ca880000)
 Metaspace       used 83139K, committed 84608K, reserved 1179648K
  class space    used 8585K, committed 9152K, reserved 1048576K
}
Event: 283.470 GC heap after
{Heap after GC invocations=652 (full 13):
 PSYoungGen      total 4096K, used 819K [0x00000000eab00000, 0x00000000eb000000, 0x0000000100000000)
  eden space 3072K, 0% used [0x00000000eab00000,0x00000000eab00000,0x00000000eae00000)
  from space 1024K, 80% used [0x00000000eae00000,0x00000000eaecce78,0x00000000eaf00000)
  to   space 1024K, 0% used [0x00000000eaf00000,0x00000000eaf00000,0x00000000eb000000)
 ParOldGen       total 172544K, used 165837K [0x00000000c0000000, 0x00000000ca880000, 0x00000000eab00000)
  object space 172544K, 96% used [0x00000000c0000000,0x00000000ca1f37a8,0x00000000ca880000)
 Metaspace       used 83139K, committed 84608K, reserved 1179648K
  class space    used 8585K, committed 9152K, reserved 1048576K
}
Event: 283.701 GC heap before
{Heap before GC invocations=653 (full 13):
 PSYoungGen      total 4096K, used 3889K [0x00000000eab00000, 0x00000000eb000000, 0x0000000100000000)
  eden space 3072K, 99% used [0x00000000eab00000,0x00000000eadff8a0,0x00000000eae00000)
  from space 1024K, 80% used [0x00000000eae00000,0x00000000eaecce78,0x00000000eaf00000)
  to   space 1024K, 0% used [0x00000000eaf00000,0x00000000eaf00000,0x00000000eb000000)
 ParOldGen       total 172544K, used 165837K [0x00000000c0000000, 0x00000000ca880000, 0x00000000eab00000)
  object space 172544K, 96% used [0x00000000c0000000,0x00000000ca1f37a8,0x00000000ca880000)
 Metaspace       used 83139K, committed 84608K, reserved 1179648K
  class space    used 8585K, committed 9152K, reserved 1048576K
}
Event: 283.727 GC heap after
{Heap after GC invocations=653 (full 13):
 PSYoungGen      total 4096K, used 834K [0x00000000eab00000, 0x00000000eb000000, 0x0000000100000000)
  eden space 3072K, 0% used [0x00000000eab00000,0x00000000eab00000,0x00000000eae00000)
  from space 1024K, 81% used [0x00000000eaf00000,0x00000000eafd0bf8,0x00000000eb000000)
  to   space 1024K, 0% used [0x00000000eae00000,0x00000000eae00000,0x00000000eaf00000)
 ParOldGen       total 172544K, used 166633K [0x00000000c0000000, 0x00000000ca880000, 0x00000000eab00000)
  object space 172544K, 96% used [0x00000000c0000000,0x00000000ca2ba678,0x00000000ca880000)
 Metaspace       used 83139K, committed 84608K, reserved 1179648K
  class space    used 8585K, committed 9152K, reserved 1048576K
}
Event: 283.811 GC heap before
{Heap before GC invocations=654 (full 13):
 PSYoungGen      total 4096K, used 3906K [0x00000000eab00000, 0x00000000eb000000, 0x0000000100000000)
  eden space 3072K, 100% used [0x00000000eab00000,0x00000000eae00000,0x00000000eae00000)
  from space 1024K, 81% used [0x00000000eaf00000,0x00000000eafd0bf8,0x00000000eb000000)
  to   space 1024K, 0% used [0x00000000eae00000,0x00000000eae00000,0x00000000eaf00000)
 ParOldGen       total 172544K, used 166633K [0x00000000c0000000, 0x00000000ca880000, 0x00000000eab00000)
  object space 172544K, 96% used [0x00000000c0000000,0x00000000ca2ba678,0x00000000ca880000)
 Metaspace       used 83139K, committed 84608K, reserved 1179648K
  class space    used 8585K, committed 9152K, reserved 1048576K
}
Event: 283.816 GC heap after
{Heap after GC invocations=654 (full 13):
 PSYoungGen      total 4096K, used 924K [0x00000000eab00000, 0x00000000eb000000, 0x0000000100000000)
  eden space 3072K, 0% used [0x00000000eab00000,0x00000000eab00000,0x00000000eae00000)
  from space 1024K, 90% used [0x00000000eae00000,0x00000000eaee72d8,0x00000000eaf00000)
  to   space 1024K, 0% used [0x00000000eaf00000,0x00000000eaf00000,0x00000000eb000000)
 ParOldGen       total 172544K, used 167444K [0x00000000c0000000, 0x00000000ca880000, 0x00000000eab00000)
  object space 172544K, 97% used [0x00000000c0000000,0x00000000ca385318,0x00000000ca880000)
 Metaspace       used 83139K, committed 84608K, reserved 1179648K
  class space    used 8585K, committed 9152K, reserved 1048576K
}
Event: 283.974 GC heap before
{Heap before GC invocations=655 (full 13):
 PSYoungGen      total 4096K, used 3994K [0x00000000eab00000, 0x00000000eb000000, 0x0000000100000000)
  eden space 3072K, 99% used [0x00000000eab00000,0x00000000eadff690,0x00000000eae00000)
  from space 1024K, 90% used [0x00000000eae00000,0x00000000eaee72d8,0x00000000eaf00000)
  to   space 1024K, 0% used [0x00000000eaf00000,0x00000000eaf00000,0x00000000eb000000)
 ParOldGen       total 172544K, used 167444K [0x00000000c0000000, 0x00000000ca880000, 0x00000000eab00000)
  object space 172544K, 97% used [0x00000000c0000000,0x00000000ca385318,0x00000000ca880000)
 Metaspace       used 83139K, committed 84608K, reserved 1179648K
  class space    used 8585K, committed 9152K, reserved 1048576K
}
Event: 283.978 GC heap after
{Heap after GC invocations=655 (full 13):
 PSYoungGen      total 3584K, used 1015K [0x00000000eab00000, 0x00000000eb100000, 0x0000000100000000)
  eden space 2560K, 0% used [0x00000000eab00000,0x00000000eab00000,0x00000000ead80000)
  from space 1024K, 99% used [0x00000000eaf00000,0x00000000eaffde10,0x00000000eb000000)
  to   space 1536K, 0% used [0x00000000ead80000,0x00000000ead80000,0x00000000eaf00000)
 ParOldGen       total 172544K, used 168348K [0x00000000c0000000, 0x00000000ca880000, 0x00000000eab00000)
  object space 172544K, 97% used [0x00000000c0000000,0x00000000ca4673a0,0x00000000ca880000)
 Metaspace       used 83139K, committed 84608K, reserved 1179648K
  class space    used 8585K, committed 9152K, reserved 1048576K
}
Event: 284.047 GC heap before
{Heap before GC invocations=656 (full 13):
 PSYoungGen      total 3584K, used 3575K [0x00000000eab00000, 0x00000000eb100000, 0x0000000100000000)
  eden space 2560K, 100% used [0x00000000eab00000,0x00000000ead80000,0x00000000ead80000)
  from space 1024K, 99% used [0x00000000eaf00000,0x00000000eaffde10,0x00000000eb000000)
  to   space 1536K, 0% used [0x00000000ead80000,0x00000000ead80000,0x00000000eaf00000)
 ParOldGen       total 172544K, used 168348K [0x00000000c0000000, 0x00000000ca880000, 0x00000000eab00000)
  object space 172544K, 97% used [0x00000000c0000000,0x00000000ca4673a0,0x00000000ca880000)
 Metaspace       used 83139K, committed 84608K, reserved 1179648K
  class space    used 8585K, committed 9152K, reserved 1048576K
}
Event: 284.051 GC heap after
{Heap after GC invocations=656 (full 13):
 PSYoungGen      total 3584K, used 800K [0x00000000eab00000, 0x00000000eaf80000, 0x0000000100000000)
  eden space 2560K, 0% used [0x00000000eab00000,0x00000000eab00000,0x00000000ead80000)
  from space 1024K, 78% used [0x00000000ead80000,0x00000000eae483c8,0x00000000eae80000)
  to   space 1024K, 0% used [0x00000000eae80000,0x00000000eae80000,0x00000000eaf80000)
 ParOldGen       total 172544K, used 169307K [0x00000000c0000000, 0x00000000ca880000, 0x00000000eab00000)
  object space 172544K, 98% used [0x00000000c0000000,0x00000000ca556e68,0x00000000ca880000)
 Metaspace       used 83139K, committed 84608K, reserved 1179648K
  class space    used 8585K, committed 9152K, reserved 1048576K
}
Event: 284.253 GC heap before
{Heap before GC invocations=657 (full 13):
 PSYoungGen      total 3584K, used 3360K [0x00000000eab00000, 0x00000000eaf80000, 0x0000000100000000)
  eden space 2560K, 100% used [0x00000000eab00000,0x00000000ead80000,0x00000000ead80000)
  from space 1024K, 78% used [0x00000000ead80000,0x00000000eae483c8,0x00000000eae80000)
  to   space 1024K, 0% used [0x00000000eae80000,0x00000000eae80000,0x00000000eaf80000)
 ParOldGen       total 172544K, used 169307K [0x00000000c0000000, 0x00000000ca880000, 0x00000000eab00000)
  object space 172544K, 98% used [0x00000000c0000000,0x00000000ca556e68,0x00000000ca880000)
 Metaspace       used 83139K, committed 84608K, reserved 1179648K
  class space    used 8585K, committed 9152K, reserved 1048576K
}
Event: 284.256 GC heap after
{Heap after GC invocations=657 (full 13):
 PSYoungGen      total 3584K, used 695K [0x00000000eab00000, 0x00000000eaf80000, 0x0000000100000000)
  eden space 2560K, 0% used [0x00000000eab00000,0x00000000eab00000,0x00000000ead80000)
  from space 1024K, 67% used [0x00000000eae80000,0x00000000eaf2def8,0x00000000eaf80000)
  to   space 1024K, 0% used [0x00000000ead80000,0x00000000ead80000,0x00000000eae80000)
 ParOldGen       total 172544K, used 170044K [0x00000000c0000000, 0x00000000ca880000, 0x00000000eab00000)
  object space 172544K, 98% used [0x00000000c0000000,0x00000000ca60f358,0x00000000ca880000)
 Metaspace       used 83139K, committed 84608K, reserved 1179648K
  class space    used 8585K, committed 9152K, reserved 1048576K
}
Event: 284.621 GC heap before
{Heap before GC invocations=658 (full 13):
 PSYoungGen      total 3584K, used 3255K [0x00000000eab00000, 0x00000000eaf80000, 0x0000000100000000)
  eden space 2560K, 100% used [0x00000000eab00000,0x00000000ead80000,0x00000000ead80000)
  from space 1024K, 67% used [0x00000000eae80000,0x00000000eaf2def8,0x00000000eaf80000)
  to   space 1024K, 0% used [0x00000000ead80000,0x00000000ead80000,0x00000000eae80000)
 ParOldGen       total 172544K, used 170044K [0x00000000c0000000, 0x00000000ca880000, 0x00000000eab00000)
  object space 172544K, 98% used [0x00000000c0000000,0x00000000ca60f358,0x00000000ca880000)
 Metaspace       used 83139K, committed 84608K, reserved 1179648K
  class space    used 8585K, committed 9152K, reserved 1048576K
}
Event: 284.625 GC heap after
{Heap after GC invocations=658 (full 13):
 PSYoungGen      total 3584K, used 784K [0x00000000eab00000, 0x00000000eaf80000, 0x0000000100000000)
  eden space 2560K, 0% used [0x00000000eab00000,0x00000000eab00000,0x00000000ead80000)
  from space 1024K, 76% used [0x00000000ead80000,0x00000000eae44270,0x00000000eae80000)
  to   space 1024K, 0% used [0x00000000eae80000,0x00000000eae80000,0x00000000eaf80000)
 ParOldGen       total 172544K, used 170729K [0x00000000c0000000, 0x00000000ca880000, 0x00000000eab00000)
  object space 172544K, 98% used [0x00000000c0000000,0x00000000ca6ba6b0,0x00000000ca880000)
 Metaspace       used 83139K, committed 84608K, reserved 1179648K
  class space    used 8585K, committed 9152K, reserved 1048576K
}
Event: 284.841 GC heap before
{Heap before GC invocations=659 (full 13):
 PSYoungGen      total 3584K, used 3344K [0x00000000eab00000, 0x00000000eaf80000, 0x0000000100000000)
  eden space 2560K, 100% used [0x00000000eab00000,0x00000000ead80000,0x00000000ead80000)
  from space 1024K, 76% used [0x00000000ead80000,0x00000000eae44270,0x00000000eae80000)
  to   space 1024K, 0% used [0x00000000eae80000,0x00000000eae80000,0x00000000eaf80000)
 ParOldGen       total 172544K, used 170729K [0x00000000c0000000, 0x00000000ca880000, 0x00000000eab00000)
  object space 172544K, 98% used [0x00000000c0000000,0x00000000ca6ba6b0,0x00000000ca880000)
 Metaspace       used 83139K, committed 84608K, reserved 1179648K
  class space    used 8585K, committed 9152K, reserved 1048576K
}
Event: 284.846 GC heap after
{Heap after GC invocations=659 (full 13):
 PSYoungGen      total 2560K, used 1021K [0x00000000eab00000, 0x00000000eb180000, 0x0000000100000000)
  eden space 1536K, 0% used [0x00000000eab00000,0x00000000eab00000,0x00000000eac80000)
  from space 1024K, 99% used [0x00000000eae80000,0x00000000eaf7f6b8,0x00000000eaf80000)
  to   space 2048K, 0% used [0x00000000eac80000,0x00000000eac80000,0x00000000eae80000)
 ParOldGen       total 172544K, used 171258K [0x00000000c0000000, 0x00000000ca880000, 0x00000000eab00000)
  object space 172544K, 99% used [0x00000000c0000000,0x00000000ca73eb48,0x00000000ca880000)
 Metaspace       used 83139K, committed 84608K, reserved 1179648K
  class space    used 8585K, committed 9152K, reserved 1048576K
}
Event: 284.886 GC heap before
{Heap before GC invocations=660 (full 13):
 PSYoungGen      total 2560K, used 2557K [0x00000000eab00000, 0x00000000eb180000, 0x0000000100000000)
  eden space 1536K, 100% used [0x00000000eab00000,0x00000000eac80000,0x00000000eac80000)
  from space 1024K, 99% used [0x00000000eae80000,0x00000000eaf7f6b8,0x00000000eaf80000)
  to   space 2048K, 0% used [0x00000000eac80000,0x00000000eac80000,0x00000000eae80000)
 ParOldGen       total 172544K, used 171258K [0x00000000c0000000, 0x00000000ca880000, 0x00000000eab00000)
  object space 172544K, 99% used [0x00000000c0000000,0x00000000ca73eb48,0x00000000ca880000)
 Metaspace       used 83139K, committed 84608K, reserved 1179648K
  class space    used 8585K, committed 9152K, reserved 1048576K
}
Event: 284.891 GC heap after
{Heap after GC invocations=660 (full 13):
 PSYoungGen      total 2048K, used 468K [0x00000000eab00000, 0x00000000eaf00000, 0x0000000100000000)
  eden space 1536K, 0% used [0x00000000eab00000,0x00000000eab00000,0x00000000eac80000)
  from space 512K, 91% used [0x00000000eac80000,0x00000000eacf5170,0x00000000ead00000)
  to   space 1024K, 0% used [0x00000000eae00000,0x00000000eae00000,0x00000000eaf00000)
 ParOldGen       total 172544K, used 172315K [0x00000000c0000000, 0x00000000ca880000, 0x00000000eab00000)
  object space 172544K, 99% used [0x00000000c0000000,0x00000000ca846e58,0x00000000ca880000)
 Metaspace       used 83139K, committed 84608K, reserved 1179648K
  class space    used 8585K, committed 9152K, reserved 1048576K
}
Event: 284.891 GC heap before
{Heap before GC invocations=661 (full 14):
 PSYoungGen      total 2048K, used 468K [0x00000000eab00000, 0x00000000eaf00000, 0x0000000100000000)
  eden space 1536K, 0% used [0x00000000eab00000,0x00000000eab00000,0x00000000eac80000)
  from space 512K, 91% used [0x00000000eac80000,0x00000000eacf5170,0x00000000ead00000)
  to   space 1024K, 0% used [0x00000000eae00000,0x00000000eae00000,0x00000000eaf00000)
 ParOldGen       total 172544K, used 172315K [0x00000000c0000000, 0x00000000ca880000, 0x00000000eab00000)
  object space 172544K, 99% used [0x00000000c0000000,0x00000000ca846e58,0x00000000ca880000)
 Metaspace       used 83139K, committed 84608K, reserved 1179648K
  class space    used 8585K, committed 9152K, reserved 1048576K
}

