# JRE version: OpenJDK Runtime Environment Temurin-17.0.11+9 (17.0.11+9) (build 17.0.11+9)
# Java VM: OpenJDK 64-Bit Server VM Temurin-17.0.11+9 (17.0.11+9, mixed mode, emulated-client, tiered, compressed oops, compressed class ptrs, g1 gc, windows-amd64)
GC Precious Log:
 CPUs: 4 total, 4 available
 Memory: 3984M
 Large Page Support: Disabled
 NUMA Support: Disabled
 Compressed Oops: Enabled (32-bit)
 Heap Region Size: 1M
 Heap Min Capacity: 8M
 Heap Initial Capacity: 64M
 Heap Max Capacity: 1G
 Pre-touch: Disabled
 Parallel Workers: 4
 Concurrent Workers: 1
 Concurrent Refinement Workers: 4
 Periodic GC: Disabled
Heap:
 garbage-first heap   total 112640K, used 42916K [0x00000000c0000000, 0x0000000100000000)
  region size 1024K, 1 young (1024K), 1 survivors (1024K)
 Metaspace       used 60365K, committed 60800K, reserved 1114112K
  class space    used 7543K, committed 7744K, reserved 1048576K
GC Heap History (20 events):
Event: 5147.267 GC heap after
{Heap after GC invocations=358 (full 266):
 garbage-first heap   total 112640K, used 40757K [0x00000000c0000000, 0x0000000100000000)
  region size 1024K, 4 young (4096K), 4 survivors (4096K)
 Metaspace       used 60365K, committed 60800K, reserved 1114112K
  class space    used 7543K, committed 7744K, reserved 1048576K
}
Event: 5147.370 GC heap before
{Heap before GC invocations=358 (full 266):
 garbage-first heap   total 112640K, used 41781K [0x00000000c0000000, 0x0000000100000000)
  region size 1024K, 5 young (5120K), 4 survivors (4096K)
 Metaspace       used 60365K, committed 60800K, reserved 1114112K
  class space    used 7543K, committed 7744K, reserved 1048576K
}
Event: 5147.823 GC heap after
{Heap after GC invocations=359 (full 266):
 garbage-first heap   total 112640K, used 40885K [0x00000000c0000000, 0x0000000100000000)
  region size 1024K, 1 young (1024K), 1 survivors (1024K)
 Metaspace       used 60365K, committed 60800K, reserved 1114112K
  class space    used 7543K, committed 7744K, reserved 1048576K
}
Event: 5152.992 GC heap before
{Heap before GC invocations=360 (full 266):
 garbage-first heap   total 112640K, used 53173K [0x00000000c0000000, 0x0000000100000000)
  region size 1024K, 13 young (13312K), 1 survivors (1024K)
 Metaspace       used 60365K, committed 60800K, reserved 1114112K
  class space    used 7543K, committed 7744K, reserved 1048576K
}
Event: 5153.003 GC heap after
{Heap after GC invocations=361 (full 266):
 garbage-first heap   total 112640K, used 42046K [0x00000000c0000000, 0x0000000100000000)
  region size 1024K, 2 young (2048K), 2 survivors (2048K)
 Metaspace       used 60365K, committed 60800K, reserved 1114112K
  class space    used 7543K, committed 7744K, reserved 1048576K
}
Event: 5153.468 GC heap before
{Heap before GC invocations=361 (full 266):
 garbage-first heap   total 112640K, used 50238K [0x00000000c0000000, 0x0000000100000000)
  region size 1024K, 11 young (11264K), 2 survivors (2048K)
 Metaspace       used 60365K, committed 60800K, reserved 1114112K
  class space    used 7543K, committed 7744K, reserved 1048576K
}
Event: 5153.583 GC heap after
{Heap after GC invocations=362 (full 266):
 garbage-first heap   total 112640K, used 43193K [0x00000000c0000000, 0x0000000100000000)
  region size 1024K, 2 young (2048K), 2 survivors (2048K)
 Metaspace       used 60365K, committed 60800K, reserved 1114112K
  class space    used 7543K, committed 7744K, reserved 1048576K
}
Event: 5154.345 GC heap before
{Heap before GC invocations=363 (full 266):
 garbage-first heap   total 112640K, used 48521K [0x00000000c0000000, 0x0000000100000000)
  region size 1024K, 9 young (9216K), 2 survivors (2048K)
 Metaspace       used 60365K, committed 60800K, reserved 1114112K
  class space    used 7543K, committed 7744K, reserved 1048576K
}
Event: 5154.353 GC heap after
{Heap after GC invocations=364 (full 266):
 garbage-first heap   total 112640K, used 42764K [0x00000000c0000000, 0x0000000100000000)
  region size 1024K, 2 young (2048K), 2 survivors (2048K)
 Metaspace       used 60365K, committed 60800K, reserved 1114112K
  class space    used 7543K, committed 7744K, reserved 1048576K
}
Event: 5155.145 GC heap before
{Heap before GC invocations=364 (full 266):
 garbage-first heap   total 112640K, used 59148K [0x00000000c0000000, 0x0000000100000000)
  region size 1024K, 19 young (19456K), 2 survivors (2048K)
 Metaspace       used 60365K, committed 60800K, reserved 1114112K
  class space    used 7543K, committed 7744K, reserved 1048576K
}
Event: 5155.155 GC heap after
{Heap after GC invocations=365 (full 266):
 garbage-first heap   total 112640K, used 42678K [0x00000000c0000000, 0x0000000100000000)
  region size 1024K, 2 young (2048K), 2 survivors (2048K)
 Metaspace       used 60365K, committed 60800K, reserved 1114112K
  class space    used 7543K, committed 7744K, reserved 1048576K
}
Event: 5195.324 GC heap before
{Heap before GC invocations=366 (full 266):
 garbage-first heap   total 112640K, used 59062K [0x00000000c0000000, 0x0000000100000000)
  region size 1024K, 19 young (19456K), 2 survivors (2048K)
 Metaspace       used 60365K, committed 60800K, reserved 1114112K
  class space    used 7543K, committed 7744K, reserved 1048576K
}
Event: 5195.704 GC heap after
{Heap after GC invocations=367 (full 267):
 garbage-first heap   total 112640K, used 38849K [0x00000000c0000000, 0x0000000100000000)
  region size 1024K, 0 young (0K), 0 survivors (0K)
 Metaspace       used 60365K, committed 60800K, reserved 1114112K
  class space    used 7543K, committed 7744K, reserved 1048576K
}
Event: 5282.638 GC heap before
{Heap before GC invocations=367 (full 267):
 garbage-first heap   total 112640K, used 90049K [0x00000000c0000000, 0x0000000100000000)
  region size 1024K, 51 young (52224K), 0 survivors (0K)
 Metaspace       used 60365K, committed 60800K, reserved 1114112K
  class space    used 7543K, committed 7744K, reserved 1048576K
}
Event: 5284.003 GC heap after
{Heap after GC invocations=368 (full 267):
 garbage-first heap   total 112640K, used 39619K [0x00000000c0000000, 0x0000000100000000)
  region size 1024K, 1 young (1024K), 1 survivors (1024K)
 Metaspace       used 60365K, committed 60800K, reserved 1114112K
  class space    used 7543K, committed 7744K, reserved 1048576K
}
Event: 5285.612 GC heap before
{Heap before GC invocations=368 (full 267):
 garbage-first heap   total 112640K, used 42691K [0x00000000c0000000, 0x0000000100000000)
  region size 1024K, 5 young (5120K), 1 survivors (1024K)
 Metaspace       used 60365K, committed 60800K, reserved 1114112K
  class space    used 7543K, committed 7744K, reserved 1048576K
}
Event: 5285.906 GC heap after
{Heap after GC invocations=369 (full 267):
 garbage-first heap   total 112640K, used 41154K [0x00000000c0000000, 0x0000000100000000)
  region size 1024K, 1 young (1024K), 1 survivors (1024K)
 Metaspace       used 60365K, committed 60800K, reserved 1114112K
  class space    used 7543K, committed 7744K, reserved 1048576K
}
Event: 5286.340 GC heap before
{Heap before GC invocations=369 (full 267):
 garbage-first heap   total 112640K, used 45250K [0x00000000c0000000, 0x0000000100000000)
  region size 1024K, 5 young (5120K), 1 survivors (1024K)
 Metaspace       used 60365K, committed 60800K, reserved 1114112K
  class space    used 7543K, committed 7744K, reserved 1048576K
}
Event: 5286.686 GC heap after
{Heap after GC invocations=370 (full 267):
 garbage-first heap   total 112640K, used 42261K [0x00000000c0000000, 0x0000000100000000)
  region size 1024K, 1 young (1024K), 1 survivors (1024K)
 Metaspace       used 60365K, committed 60800K, reserved 1114112K
  class space    used 7543K, committed 7744K, reserved 1048576K
}
Event: 5287.426 GC heap before
{Heap before GC invocations=370 (full 267):
 garbage-first heap   total 112640K, used 46328K [0x00000000c0000000, 0x0000000100000000)
  region size 1024K, 5 young (5120K), 1 survivors (1024K)
 Metaspace       used 60365K, committed 60800K, reserved 1114112K
  class space    used 7543K, committed 7744K, reserved 1048576K
}

