# JRE version: OpenJDK Runtime Environment Temurin-17.0.11+9 (17.0.11+9) (build 17.0.11+9)
# Java VM: OpenJDK 64-Bit Server VM Temurin-17.0.11+9 (17.0.11+9, mixed mode, tiered, compressed oops, compressed class ptrs, parallel gc, windows-amd64)
GC Precious Log:
 CPUs: 4 total, 4 available
 Memory: 3984M
 Large Page Support: Disabled
 NUMA Support: Disabled
 Compressed Oops: Enabled (32-bit)
 Alignments: Space 512K, Generation 512K, Heap 2M
 Heap Min Capacity: 100M
 Heap Initial Capacity: 100M
 Heap Max Capacity: 1G
 Pre-touch: Disabled
 Parallel Workers: 4
Heap:
 PSYoungGen      total 1536K, used 520K [0x00000000eab00000, 0x00000000eaf80000, 0x0000000100000000)
  eden space 1024K, 0% used [0x00000000eab00000,0x00000000eab02158,0x00000000eac00000)
  from space 512K, 100% used [0x00000000ead80000,0x00000000eae00000,0x00000000eae00000)
  to   space 1536K, 0% used [0x00000000eac00000,0x00000000eac00000,0x00000000ead80000)
 ParOldGen       total 104448K, used 83013K [0x00000000c0000000, 0x00000000c6600000, 0x00000000eab00000)
  object space 104448K, 79% used [0x00000000c0000000,0x00000000c5111430,0x00000000c6600000)
 Metaspace       used 80068K, committed 81536K, reserved 1179648K
  class space    used 8187K, committed 8896K, reserved 1048576K
GC Heap History (20 events):
Event: 120.026 GC heap before
{Heap before GC invocations=221 (full 7):
 PSYoungGen      total 2048K, used 1136K [0x00000000eab00000, 0x00000000eae00000, 0x0000000100000000)
  eden space 1024K, 98% used [0x00000000eab00000,0x00000000eabfc0e0,0x00000000eac00000)
  from space 1024K, 12% used [0x00000000eac80000,0x00000000eaca0000,0x00000000ead80000)
  to   space 512K, 0% used [0x00000000ead80000,0x00000000ead80000,0x00000000eae00000)
 ParOldGen       total 119808K, used 119112K [0x00000000c0000000, 0x00000000c7500000, 0x00000000eab00000)
  object space 119808K, 99% used [0x00000000c0000000,0x00000000c74523f0,0x00000000c7500000)
 Metaspace       used 80062K, committed 81472K, reserved 1179648K
  class space    used 8186K, committed 8896K, reserved 1048576K
}
Event: 120.028 GC heap after
{Heap after GC invocations=221 (full 7):
 PSYoungGen      total 1536K, used 367K [0x00000000eab00000, 0x00000000eae00000, 0x0000000100000000)
  eden space 1024K, 0% used [0x00000000eab00000,0x00000000eab00000,0x00000000eac00000)
  from space 512K, 71% used [0x00000000ead80000,0x00000000eaddbc00,0x00000000eae00000)
  to   space 512K, 0% used [0x00000000ead00000,0x00000000ead00000,0x00000000ead80000)
 ParOldGen       total 119808K, used 119144K [0x00000000c0000000, 0x00000000c7500000, 0x00000000eab00000)
  object space 119808K, 99% used [0x00000000c0000000,0x00000000c745a3f0,0x00000000c7500000)
 Metaspace       used 80062K, committed 81472K, reserved 1179648K
  class space    used 8186K, committed 8896K, reserved 1048576K
}
Event: 120.063 GC heap before
{Heap before GC invocations=222 (full 7):
 PSYoungGen      total 1536K, used 1114K [0x00000000eab00000, 0x00000000eae00000, 0x0000000100000000)
  eden space 1024K, 72% used [0x00000000eab00000,0x00000000eabbaca0,0x00000000eac00000)
  from space 512K, 71% used [0x00000000ead80000,0x00000000eaddbc00,0x00000000eae00000)
  to   space 512K, 0% used [0x00000000ead00000,0x00000000ead00000,0x00000000ead80000)
 ParOldGen       total 119808K, used 119144K [0x00000000c0000000, 0x00000000c7500000, 0x00000000eab00000)
  object space 119808K, 99% used [0x00000000c0000000,0x00000000c745a3f0,0x00000000c7500000)
 Metaspace       used 80062K, committed 81472K, reserved 1179648K
  class space    used 8186K, committed 8896K, reserved 1048576K
}
Event: 120.065 GC heap after
{Heap after GC invocations=222 (full 7):
 PSYoungGen      total 1536K, used 495K [0x00000000eab00000, 0x00000000eae00000, 0x0000000100000000)
  eden space 1024K, 0% used [0x00000000eab00000,0x00000000eab00000,0x00000000eac00000)
  from space 512K, 96% used [0x00000000ead00000,0x00000000ead7bc00,0x00000000ead80000)
  to   space 512K, 0% used [0x00000000ead80000,0x00000000ead80000,0x00000000eae00000)
 ParOldGen       total 119808K, used 119447K [0x00000000c0000000, 0x00000000c7500000, 0x00000000eab00000)
  object space 119808K, 99% used [0x00000000c0000000,0x00000000c74a5ff0,0x00000000c7500000)
 Metaspace       used 80062K, committed 81472K, reserved 1179648K
  class space    used 8186K, committed 8896K, reserved 1048576K
}
Event: 120.109 GC heap before
{Heap before GC invocations=223 (full 7):
 PSYoungGen      total 1536K, used 1519K [0x00000000eab00000, 0x00000000eae00000, 0x0000000100000000)
  eden space 1024K, 100% used [0x00000000eab00000,0x00000000eac00000,0x00000000eac00000)
  from space 512K, 96% used [0x00000000ead00000,0x00000000ead7bc00,0x00000000ead80000)
  to   space 512K, 0% used [0x00000000ead80000,0x00000000ead80000,0x00000000eae00000)
 ParOldGen       total 119808K, used 119447K [0x00000000c0000000, 0x00000000c7500000, 0x00000000eab00000)
  object space 119808K, 99% used [0x00000000c0000000,0x00000000c74a5ff0,0x00000000c7500000)
 Metaspace       used 80062K, committed 81472K, reserved 1179648K
  class space    used 8186K, committed 8896K, reserved 1048576K
}
Event: 120.122 GC heap after
{Heap after GC invocations=223 (full 7):
 PSYoungGen      total 1024K, used 510K [0x00000000eab00000, 0x00000000eb000000, 0x0000000100000000)
  eden space 512K, 0% used [0x00000000eab00000,0x00000000eab00000,0x00000000eab80000)
  from space 512K, 99% used [0x00000000ead80000,0x00000000eadff800,0x00000000eae00000)
  to   space 2048K, 0% used [0x00000000eab80000,0x00000000eab80000,0x00000000ead80000)
 ParOldGen       total 120832K, used 120459K [0x00000000c0000000, 0x00000000c7600000, 0x00000000eab00000)
  object space 120832K, 99% used [0x00000000c0000000,0x00000000c75a2ff0,0x00000000c7600000)
 Metaspace       used 80062K, committed 81472K, reserved 1179648K
  class space    used 8186K, committed 8896K, reserved 1048576K
}
Event: 120.153 GC heap before
{Heap before GC invocations=224 (full 8):
 PSYoungGen      total 1024K, used 510K [0x00000000eab00000, 0x00000000eb000000, 0x0000000100000000)
  eden space 512K, 0% used [0x00000000eab00000,0x00000000eab00000,0x00000000eab80000)
  from space 512K, 99% used [0x00000000ead80000,0x00000000eadff800,0x00000000eae00000)
  to   space 2048K, 0% used [0x00000000eab80000,0x00000000eab80000,0x00000000ead80000)
 ParOldGen       total 120832K, used 120459K [0x00000000c0000000, 0x00000000c7600000, 0x00000000eab00000)
  object space 120832K, 99% used [0x00000000c0000000,0x00000000c75a2ff0,0x00000000c7600000)
 Metaspace       used 80062K, committed 81472K, reserved 1179648K
  class space    used 8186K, committed 8896K, reserved 1048576K
}
Event: 123.901 GC heap after
{Heap after GC invocations=224 (full 8):
 PSYoungGen      total 2560K, used 0K [0x00000000eab00000, 0x00000000eaf80000, 0x0000000100000000)
  eden space 512K, 0% used [0x00000000eab00000,0x00000000eab00000,0x00000000eab80000)
  from space 2048K, 0% used [0x00000000eab80000,0x00000000eab80000,0x00000000ead80000)
  to   space 2048K, 0% used [0x00000000ead80000,0x00000000ead80000,0x00000000eaf80000)
 ParOldGen       total 104448K, used 80610K [0x00000000c0000000, 0x00000000c6600000, 0x00000000eab00000)
  object space 104448K, 77% used [0x00000000c0000000,0x00000000c4eb8b10,0x00000000c6600000)
 Metaspace       used 80062K, committed 81472K, reserved 1179648K
  class space    used 8186K, committed 8896K, reserved 1048576K
}
Event: 124.186 GC heap before
{Heap before GC invocations=225 (full 8):
 PSYoungGen      total 2560K, used 512K [0x00000000eab00000, 0x00000000eaf80000, 0x0000000100000000)
  eden space 512K, 100% used [0x00000000eab00000,0x00000000eab80000,0x00000000eab80000)
  from space 2048K, 0% used [0x00000000eab80000,0x00000000eab80000,0x00000000ead80000)
  to   space 2048K, 0% used [0x00000000ead80000,0x00000000ead80000,0x00000000eaf80000)
 ParOldGen       total 104448K, used 80610K [0x00000000c0000000, 0x00000000c6600000, 0x00000000eab00000)
  object space 104448K, 77% used [0x00000000c0000000,0x00000000c4eb8b10,0x00000000c6600000)
 Metaspace       used 80062K, committed 81472K, reserved 1179648K
  class space    used 8186K, committed 8896K, reserved 1048576K
}
Event: 124.189 GC heap after
{Heap after GC invocations=225 (full 8):
 PSYoungGen      total 1024K, used 192K [0x00000000eab00000, 0x00000000eae00000, 0x0000000100000000)
  eden space 512K, 0% used [0x00000000eab00000,0x00000000eab00000,0x00000000eab80000)
  from space 512K, 37% used [0x00000000ead80000,0x00000000eadb0000,0x00000000eae00000)
  to   space 1024K, 0% used [0x00000000eac00000,0x00000000eac00000,0x00000000ead00000)
 ParOldGen       total 104448K, used 80610K [0x00000000c0000000, 0x00000000c6600000, 0x00000000eab00000)
  object space 104448K, 77% used [0x00000000c0000000,0x00000000c4eb8b10,0x00000000c6600000)
 Metaspace       used 80062K, committed 81472K, reserved 1179648K
  class space    used 8186K, committed 8896K, reserved 1048576K
}
Event: 124.251 GC heap before
{Heap before GC invocations=226 (full 8):
 PSYoungGen      total 1024K, used 703K [0x00000000eab00000, 0x00000000eae00000, 0x0000000100000000)
  eden space 512K, 99% used [0x00000000eab00000,0x00000000eab7ffe8,0x00000000eab80000)
  from space 512K, 37% used [0x00000000ead80000,0x00000000eadb0000,0x00000000eae00000)
  to   space 1024K, 0% used [0x00000000eac00000,0x00000000eac00000,0x00000000ead00000)
 ParOldGen       total 104448K, used 80610K [0x00000000c0000000, 0x00000000c6600000, 0x00000000eab00000)
  object space 104448K, 77% used [0x00000000c0000000,0x00000000c4eb8b10,0x00000000c6600000)
 Metaspace       used 80062K, committed 81472K, reserved 1179648K
  class space    used 8186K, committed 8896K, reserved 1048576K
}
Event: 124.253 GC heap after
{Heap after GC invocations=226 (full 8):
 PSYoungGen      total 2048K, used 160K [0x00000000eab00000, 0x00000000eae00000, 0x0000000100000000)
  eden space 1024K, 0% used [0x00000000eab00000,0x00000000eab00000,0x00000000eac00000)
  from space 1024K, 15% used [0x00000000eac00000,0x00000000eac28000,0x00000000ead00000)
  to   space 512K, 0% used [0x00000000ead80000,0x00000000ead80000,0x00000000eae00000)
 ParOldGen       total 104448K, used 80610K [0x00000000c0000000, 0x00000000c6600000, 0x00000000eab00000)
  object space 104448K, 77% used [0x00000000c0000000,0x00000000c4eb8b10,0x00000000c6600000)
 Metaspace       used 80062K, committed 81472K, reserved 1179648K
  class space    used 8186K, committed 8896K, reserved 1048576K
}
Event: 124.291 GC heap before
{Heap before GC invocations=227 (full 8):
 PSYoungGen      total 2048K, used 1184K [0x00000000eab00000, 0x00000000eae00000, 0x0000000100000000)
  eden space 1024K, 100% used [0x00000000eab00000,0x00000000eac00000,0x00000000eac00000)
  from space 1024K, 15% used [0x00000000eac00000,0x00000000eac28000,0x00000000ead00000)
  to   space 512K, 0% used [0x00000000ead80000,0x00000000ead80000,0x00000000eae00000)
 ParOldGen       total 104448K, used 80610K [0x00000000c0000000, 0x00000000c6600000, 0x00000000eab00000)
  object space 104448K, 77% used [0x00000000c0000000,0x00000000c4eb8b10,0x00000000c6600000)
 Metaspace       used 80062K, committed 81472K, reserved 1179648K
  class space    used 8186K, committed 8896K, reserved 1048576K
}
Event: 124.292 GC heap after
{Heap after GC invocations=227 (full 8):
 PSYoungGen      total 1536K, used 256K [0x00000000eab00000, 0x00000000eae00000, 0x0000000100000000)
  eden space 1024K, 0% used [0x00000000eab00000,0x00000000eab00000,0x00000000eac00000)
  from space 512K, 50% used [0x00000000ead80000,0x00000000eadc0000,0x00000000eae00000)
  to   space 512K, 0% used [0x00000000ead00000,0x00000000ead00000,0x00000000ead80000)
 ParOldGen       total 104448K, used 80610K [0x00000000c0000000, 0x00000000c6600000, 0x00000000eab00000)
  object space 104448K, 77% used [0x00000000c0000000,0x00000000c4eb8b10,0x00000000c6600000)
 Metaspace       used 80062K, committed 81472K, reserved 1179648K
  class space    used 8186K, committed 8896K, reserved 1048576K
}
Event: 124.302 GC heap before
{Heap before GC invocations=228 (full 8):
 PSYoungGen      total 1536K, used 1279K [0x00000000eab00000, 0x00000000eae00000, 0x0000000100000000)
  eden space 1024K, 99% used [0x00000000eab00000,0x00000000eabffc70,0x00000000eac00000)
  from space 512K, 50% used [0x00000000ead80000,0x00000000eadc0000,0x00000000eae00000)
  to   space 512K, 0% used [0x00000000ead00000,0x00000000ead00000,0x00000000ead80000)
 ParOldGen       total 104448K, used 80610K [0x00000000c0000000, 0x00000000c6600000, 0x00000000eab00000)
  object space 104448K, 77% used [0x00000000c0000000,0x00000000c4eb8b10,0x00000000c6600000)
 Metaspace       used 80065K, committed 81536K, reserved 1179648K
  class space    used 8186K, committed 8896K, reserved 1048576K
}
Event: 124.304 GC heap after
{Heap after GC invocations=228 (full 8):
 PSYoungGen      total 1536K, used 272K [0x00000000eab00000, 0x00000000eae00000, 0x0000000100000000)
  eden space 1024K, 0% used [0x00000000eab00000,0x00000000eab00000,0x00000000eac00000)
  from space 512K, 53% used [0x00000000ead00000,0x00000000ead44010,0x00000000ead80000)
  to   space 512K, 0% used [0x00000000ead80000,0x00000000ead80000,0x00000000eae00000)
 ParOldGen       total 104448K, used 80610K [0x00000000c0000000, 0x00000000c6600000, 0x00000000eab00000)
  object space 104448K, 77% used [0x00000000c0000000,0x00000000c4eb8b10,0x00000000c6600000)
 Metaspace       used 80065K, committed 81536K, reserved 1179648K
  class space    used 8186K, committed 8896K, reserved 1048576K
}
Event: 128.481 GC heap before
{Heap before GC invocations=229 (full 8):
 PSYoungGen      total 1536K, used 1296K [0x00000000eab00000, 0x00000000eae00000, 0x0000000100000000)
  eden space 1024K, 100% used [0x00000000eab00000,0x00000000eac00000,0x00000000eac00000)
  from space 512K, 53% used [0x00000000ead00000,0x00000000ead44010,0x00000000ead80000)
  to   space 512K, 0% used [0x00000000ead80000,0x00000000ead80000,0x00000000eae00000)
 ParOldGen       total 104448K, used 82010K [0x00000000c0000000, 0x00000000c6600000, 0x00000000eab00000)
  object space 104448K, 78% used [0x00000000c0000000,0x00000000c5016b10,0x00000000c6600000)
 Metaspace       used 80066K, committed 81536K, reserved 1179648K
  class space    used 8186K, committed 8896K, reserved 1048576K
}
Event: 128.487 GC heap after
{Heap after GC invocations=229 (full 8):
 PSYoungGen      total 1536K, used 512K [0x00000000eab00000, 0x00000000eae00000, 0x0000000100000000)
  eden space 1024K, 0% used [0x00000000eab00000,0x00000000eab00000,0x00000000eac00000)
  from space 512K, 100% used [0x00000000ead80000,0x00000000eae00000,0x00000000eae00000)
  to   space 1024K, 0% used [0x00000000eac00000,0x00000000eac00000,0x00000000ead00000)
 ParOldGen       total 104448K, used 82066K [0x00000000c0000000, 0x00000000c6600000, 0x00000000eab00000)
  object space 104448K, 78% used [0x00000000c0000000,0x00000000c5024b10,0x00000000c6600000)
 Metaspace       used 80066K, committed 81536K, reserved 1179648K
  class space    used 8186K, committed 8896K, reserved 1048576K
}
Event: 128.650 GC heap before
{Heap before GC invocations=230 (full 8):
 PSYoungGen      total 1536K, used 1536K [0x00000000eab00000, 0x00000000eae00000, 0x0000000100000000)
  eden space 1024K, 100% used [0x00000000eab00000,0x00000000eac00000,0x00000000eac00000)
  from space 512K, 100% used [0x00000000ead80000,0x00000000eae00000,0x00000000eae00000)
  to   space 1024K, 0% used [0x00000000eac00000,0x00000000eac00000,0x00000000ead00000)
 ParOldGen       total 104448K, used 82066K [0x00000000c0000000, 0x00000000c6600000, 0x00000000eab00000)
  object space 104448K, 78% used [0x00000000c0000000,0x00000000c5024b10,0x00000000c6600000)
 Metaspace       used 80066K, committed 81536K, reserved 1179648K
  class space    used 8186K, committed 8896K, reserved 1048576K
}
Event: 128.807 GC heap after
{Heap after GC invocations=230 (full 8):
 PSYoungGen      total 2048K, used 1018K [0x00000000eab00000, 0x00000000eae00000, 0x0000000100000000)
  eden space 1024K, 0% used [0x00000000eab00000,0x00000000eab00000,0x00000000eac00000)
  from space 1024K, 99% used [0x00000000eac00000,0x00000000eacfe900,0x00000000ead00000)
  to   space 512K, 0% used [0x00000000ead80000,0x00000000ead80000,0x00000000eae00000)
 ParOldGen       total 104448K, used 82274K [0x00000000c0000000, 0x00000000c6600000, 0x00000000eab00000)
  object space 104448K, 78% used [0x00000000c0000000,0x00000000c5058b10,0x00000000c6600000)
 Metaspace       used 80066K, committed 81536K, reserved 1179648K
  class space    used 8186K, committed 8896K, reserved 1048576K
}

