# JRE version: OpenJDK Runtime Environment Temurin-17.0.11+9 (17.0.11+9) (build 17.0.11+9)
# Java VM: OpenJDK 64-Bit Server VM Temurin-17.0.11+9 (17.0.11+9, mixed mode, emulated-client, tiered, compressed oops, compressed class ptrs, g1 gc, windows-amd64)
GC Precious Log:
 CPUs: 4 total, 4 available
 Memory: 3984M
 Large Page Support: Disabled
 NUMA Support: Disabled
 Compressed Oops: Enabled (32-bit)
 Heap Region Size: 1M
 Heap Min Capacity: 8M
 Heap Initial Capacity: 64M
 Heap Max Capacity: 1G
 Pre-touch: Disabled
 Parallel Workers: 4
 Concurrent Workers: 1
 Concurrent Refinement Workers: 4
 Periodic GC: Disabled
Heap:
 garbage-first heap   total 65536K, used 24383K [0x00000000c0000000, 0x0000000100000000)
  region size 1024K, 1 young (1024K), 0 survivors (0K)
 Metaspace       used 38091K, committed 38592K, reserved 1114112K
  class space    used 4961K, committed 5184K, reserved 1048576K
GC Heap History (20 events):
Event: 353.894 GC heap before
{Heap before GC invocations=39 (full 26):
 garbage-first heap   total 65536K, used 24383K [0x00000000c0000000, 0x0000000100000000)
  region size 1024K, 1 young (1024K), 0 survivors (0K)
 Metaspace       used 38091K, committed 38592K, reserved 1114112K
  class space    used 4961K, committed 5184K, reserved 1048576K
}
Event: 353.941 GC heap after
{Heap after GC invocations=40 (full 27):
 garbage-first heap   total 65536K, used 24383K [0x00000000c0000000, 0x0000000100000000)
  region size 1024K, 0 young (0K), 0 survivors (0K)
 Metaspace       used 38091K, committed 38592K, reserved 1114112K
  class space    used 4961K, committed 5184K, reserved 1048576K
}
Event: 364.345 GC heap before
{Heap before GC invocations=40 (full 27):
 garbage-first heap   total 65536K, used 24383K [0x00000000c0000000, 0x0000000100000000)
  region size 1024K, 1 young (1024K), 0 survivors (0K)
 Metaspace       used 38091K, committed 38592K, reserved 1114112K
  class space    used 4961K, committed 5184K, reserved 1048576K
}
Event: 364.395 GC heap after
{Heap after GC invocations=41 (full 28):
 garbage-first heap   total 65536K, used 24383K [0x00000000c0000000, 0x0000000100000000)
  region size 1024K, 0 young (0K), 0 survivors (0K)
 Metaspace       used 38091K, committed 38592K, reserved 1114112K
  class space    used 4961K, committed 5184K, reserved 1048576K
}
Event: 374.722 GC heap before
{Heap before GC invocations=41 (full 28):
 garbage-first heap   total 65536K, used 24383K [0x00000000c0000000, 0x0000000100000000)
  region size 1024K, 1 young (1024K), 0 survivors (0K)
 Metaspace       used 38091K, committed 38592K, reserved 1114112K
  class space    used 4961K, committed 5184K, reserved 1048576K
}
Event: 374.772 GC heap after
{Heap after GC invocations=42 (full 29):
 garbage-first heap   total 65536K, used 24383K [0x00000000c0000000, 0x0000000100000000)
  region size 1024K, 0 young (0K), 0 survivors (0K)
 Metaspace       used 38091K, committed 38592K, reserved 1114112K
  class space    used 4961K, committed 5184K, reserved 1048576K
}
Event: 385.126 GC heap before
{Heap before GC invocations=42 (full 29):
 garbage-first heap   total 65536K, used 24383K [0x00000000c0000000, 0x0000000100000000)
  region size 1024K, 1 young (1024K), 0 survivors (0K)
 Metaspace       used 38091K, committed 38592K, reserved 1114112K
  class space    used 4961K, committed 5184K, reserved 1048576K
}
Event: 385.178 GC heap after
{Heap after GC invocations=43 (full 30):
 garbage-first heap   total 65536K, used 24383K [0x00000000c0000000, 0x0000000100000000)
  region size 1024K, 0 young (0K), 0 survivors (0K)
 Metaspace       used 38091K, committed 38592K, reserved 1114112K
  class space    used 4961K, committed 5184K, reserved 1048576K
}
Event: 395.590 GC heap before
{Heap before GC invocations=43 (full 30):
 garbage-first heap   total 65536K, used 24383K [0x00000000c0000000, 0x0000000100000000)
  region size 1024K, 1 young (1024K), 0 survivors (0K)
 Metaspace       used 38091K, committed 38592K, reserved 1114112K
  class space    used 4961K, committed 5184K, reserved 1048576K
}
Event: 395.639 GC heap after
{Heap after GC invocations=44 (full 31):
 garbage-first heap   total 65536K, used 24383K [0x00000000c0000000, 0x0000000100000000)
  region size 1024K, 0 young (0K), 0 survivors (0K)
 Metaspace       used 38091K, committed 38592K, reserved 1114112K
  class space    used 4961K, committed 5184K, reserved 1048576K
}
Event: 405.983 GC heap before
{Heap before GC invocations=44 (full 31):
 garbage-first heap   total 65536K, used 24383K [0x00000000c0000000, 0x0000000100000000)
  region size 1024K, 1 young (1024K), 0 survivors (0K)
 Metaspace       used 38091K, committed 38592K, reserved 1114112K
  class space    used 4961K, committed 5184K, reserved 1048576K
}
Event: 406.020 GC heap after
{Heap after GC invocations=45 (full 32):
 garbage-first heap   total 65536K, used 24383K [0x00000000c0000000, 0x0000000100000000)
  region size 1024K, 0 young (0K), 0 survivors (0K)
 Metaspace       used 38091K, committed 38592K, reserved 1114112K
  class space    used 4961K, committed 5184K, reserved 1048576K
}
Event: 416.337 GC heap before
{Heap before GC invocations=45 (full 32):
 garbage-first heap   total 65536K, used 24383K [0x00000000c0000000, 0x0000000100000000)
  region size 1024K, 1 young (1024K), 0 survivors (0K)
 Metaspace       used 38091K, committed 38592K, reserved 1114112K
  class space    used 4961K, committed 5184K, reserved 1048576K
}
Event: 416.387 GC heap after
{Heap after GC invocations=46 (full 33):
 garbage-first heap   total 65536K, used 24383K [0x00000000c0000000, 0x0000000100000000)
  region size 1024K, 0 young (0K), 0 survivors (0K)
 Metaspace       used 38091K, committed 38592K, reserved 1114112K
  class space    used 4961K, committed 5184K, reserved 1048576K
}
Event: 426.880 GC heap before
{Heap before GC invocations=46 (full 33):
 garbage-first heap   total 65536K, used 24383K [0x00000000c0000000, 0x0000000100000000)
  region size 1024K, 1 young (1024K), 0 survivors (0K)
 Metaspace       used 38091K, committed 38592K, reserved 1114112K
  class space    used 4961K, committed 5184K, reserved 1048576K
}
Event: 426.938 GC heap after
{Heap after GC invocations=47 (full 34):
 garbage-first heap   total 65536K, used 24383K [0x00000000c0000000, 0x0000000100000000)
  region size 1024K, 0 young (0K), 0 survivors (0K)
 Metaspace       used 38091K, committed 38592K, reserved 1114112K
  class space    used 4961K, committed 5184K, reserved 1048576K
}
Event: 439.140 GC heap before
{Heap before GC invocations=47 (full 34):
 garbage-first heap   total 65536K, used 24383K [0x00000000c0000000, 0x0000000100000000)
  region size 1024K, 1 young (1024K), 0 survivors (0K)
 Metaspace       used 38091K, committed 38592K, reserved 1114112K
  class space    used 4961K, committed 5184K, reserved 1048576K
}
Event: 439.239 GC heap after
{Heap after GC invocations=48 (full 35):
 garbage-first heap   total 65536K, used 24383K [0x00000000c0000000, 0x0000000100000000)
  region size 1024K, 0 young (0K), 0 survivors (0K)
 Metaspace       used 38091K, committed 38592K, reserved 1114112K
  class space    used 4961K, committed 5184K, reserved 1048576K
}
Event: 451.946 GC heap before
{Heap before GC invocations=48 (full 35):
 garbage-first heap   total 65536K, used 24383K [0x00000000c0000000, 0x0000000100000000)
  region size 1024K, 1 young (1024K), 0 survivors (0K)
 Metaspace       used 38091K, committed 38592K, reserved 1114112K
  class space    used 4961K, committed 5184K, reserved 1048576K
}
Event: 451.987 GC heap after
{Heap after GC invocations=49 (full 36):
 garbage-first heap   total 65536K, used 24383K [0x00000000c0000000, 0x0000000100000000)
  region size 1024K, 0 young (0K), 0 survivors (0K)
 Metaspace       used 38091K, committed 38592K, reserved 1114112K
  class space    used 4961K, committed 5184K, reserved 1048576K
}

