# JRE version: OpenJDK Runtime Environment Temurin-17.0.11+9 (17.0.11+9) (build 17.0.11+9)
# Java VM: OpenJDK 64-Bit Server VM Temurin-17.0.11+9 (17.0.11+9, mixed mode, tiered, compressed oops, compressed class ptrs, parallel gc, windows-amd64)
GC Precious Log:
 CPUs: 4 total, 4 available
 Memory: 3984M
 Large Page Support: Disabled
 NUMA Support: Disabled
 Compressed Oops: Enabled (32-bit)
 Alignments: Space 512K, Generation 512K, Heap 2M
 Heap Min Capacity: 100M
 Heap Initial Capacity: 100M
 Heap Max Capacity: 1G
 Pre-touch: Disabled
 Parallel Workers: 4
Heap:
 PSYoungGen      total 8192K, used 6459K [0x00000000eab00000, 0x00000000eb400000, 0x0000000100000000)
  eden space 7680K, 77% used [0x00000000eab00000,0x00000000eb0cee58,0x00000000eb280000)
  from space 512K, 100% used [0x00000000eb280000,0x00000000eb300000,0x00000000eb300000)
  to   space 512K, 0% used [0x00000000eb300000,0x00000000eb300000,0x00000000eb380000)
 ParOldGen       total 177152K, used 168416K [0x00000000c0000000, 0x00000000cad00000, 0x00000000eab00000)
  object space 177152K, 95% used [0x00000000c0000000,0x00000000ca478160,0x00000000cad00000)
 Metaspace       used 87643K, committed 89152K, reserved 1179648K
  class space    used 8874K, committed 9536K, reserved 1048576K
GC Heap History (20 events):
Event: 849.759 GC heap before
{Heap before GC invocations=1377 (full 29):
 PSYoungGen      total 5120K, used 4680K [0x00000000eab00000, 0x00000000eb100000, 0x0000000100000000)
  eden space 4608K, 97% used [0x00000000eab00000,0x00000000eaf620b8,0x00000000eaf80000)
  from space 512K, 37% used [0x00000000eb000000,0x00000000eb030000,0x00000000eb080000)
  to   space 512K, 0% used [0x00000000eb080000,0x00000000eb080000,0x00000000eb100000)
 ParOldGen       total 165376K, used 142170K [0x00000000c0000000, 0x00000000ca180000, 0x00000000eab00000)
  object space 165376K, 85% used [0x00000000c0000000,0x00000000c8ad6928,0x00000000ca180000)
 Metaspace       used 87617K, committed 89088K, reserved 1179648K
  class space    used 8874K, committed 9536K, reserved 1048576K
}
Event: 849.761 GC heap after
{Heap after GC invocations=1377 (full 29):
 PSYoungGen      total 5120K, used 452K [0x00000000eab00000, 0x00000000eb100000, 0x0000000100000000)
  eden space 4608K, 0% used [0x00000000eab00000,0x00000000eab00000,0x00000000eaf80000)
  from space 512K, 88% used [0x00000000eb080000,0x00000000eb0f1210,0x00000000eb100000)
  to   space 512K, 0% used [0x00000000eb000000,0x00000000eb000000,0x00000000eb080000)
 ParOldGen       total 165376K, used 142306K [0x00000000c0000000, 0x00000000ca180000, 0x00000000eab00000)
  object space 165376K, 86% used [0x00000000c0000000,0x00000000c8af8928,0x00000000ca180000)
 Metaspace       used 87617K, committed 89088K, reserved 1179648K
  class space    used 8874K, committed 9536K, reserved 1048576K
}
Event: 849.795 GC heap before
{Heap before GC invocations=1378 (full 29):
 PSYoungGen      total 5120K, used 5060K [0x00000000eab00000, 0x00000000eb100000, 0x0000000100000000)
  eden space 4608K, 100% used [0x00000000eab00000,0x00000000eaf80000,0x00000000eaf80000)
  from space 512K, 88% used [0x00000000eb080000,0x00000000eb0f1210,0x00000000eb100000)
  to   space 512K, 0% used [0x00000000eb000000,0x00000000eb000000,0x00000000eb080000)
 ParOldGen       total 165376K, used 142306K [0x00000000c0000000, 0x00000000ca180000, 0x00000000eab00000)
  object space 165376K, 86% used [0x00000000c0000000,0x00000000c8af8928,0x00000000ca180000)
 Metaspace       used 87617K, committed 89088K, reserved 1179648K
  class space    used 8874K, committed 9536K, reserved 1048576K
}
Event: 849.821 GC heap after
{Heap after GC invocations=1378 (full 29):
 PSYoungGen      total 5632K, used 501K [0x00000000eab00000, 0x00000000eb580000, 0x0000000100000000)
  eden space 5120K, 0% used [0x00000000eab00000,0x00000000eab00000,0x00000000eb000000)
  from space 512K, 97% used [0x00000000eb000000,0x00000000eb07d430,0x00000000eb080000)
  to   space 2560K, 0% used [0x00000000eb300000,0x00000000eb300000,0x00000000eb580000)
 ParOldGen       total 165376K, used 143617K [0x00000000c0000000, 0x00000000ca180000, 0x00000000eab00000)
  object space 165376K, 86% used [0x00000000c0000000,0x00000000c8c406b0,0x00000000ca180000)
 Metaspace       used 87617K, committed 89088K, reserved 1179648K
  class space    used 8874K, committed 9536K, reserved 1048576K
}
Event: 849.923 GC heap before
{Heap before GC invocations=1379 (full 29):
 PSYoungGen      total 5632K, used 5174K [0x00000000eab00000, 0x00000000eb580000, 0x0000000100000000)
  eden space 5120K, 91% used [0x00000000eab00000,0x00000000eaf90760,0x00000000eb000000)
  from space 512K, 97% used [0x00000000eb000000,0x00000000eb07d430,0x00000000eb080000)
  to   space 2560K, 0% used [0x00000000eb300000,0x00000000eb300000,0x00000000eb580000)
 ParOldGen       total 165376K, used 143617K [0x00000000c0000000, 0x00000000ca180000, 0x00000000eab00000)
  object space 165376K, 86% used [0x00000000c0000000,0x00000000c8c406b0,0x00000000ca180000)
 Metaspace       used 87619K, committed 89088K, reserved 1179648K
  class space    used 8874K, committed 9536K, reserved 1048576K
}
Event: 849.929 GC heap after
{Heap after GC invocations=1379 (full 29):
 PSYoungGen      total 6656K, used 403K [0x00000000eab00000, 0x00000000eb380000, 0x0000000100000000)
  eden space 6144K, 0% used [0x00000000eab00000,0x00000000eab00000,0x00000000eb100000)
  from space 512K, 78% used [0x00000000eb300000,0x00000000eb364cd8,0x00000000eb380000)
  to   space 1024K, 0% used [0x00000000eb180000,0x00000000eb180000,0x00000000eb280000)
 ParOldGen       total 165376K, used 144001K [0x00000000c0000000, 0x00000000ca180000, 0x00000000eab00000)
  object space 165376K, 87% used [0x00000000c0000000,0x00000000c8ca06d0,0x00000000ca180000)
 Metaspace       used 87619K, committed 89088K, reserved 1179648K
  class space    used 8874K, committed 9536K, reserved 1048576K
}
Event: 850.082 GC heap before
{Heap before GC invocations=1380 (full 29):
 PSYoungGen      total 6656K, used 6040K [0x00000000eab00000, 0x00000000eb380000, 0x0000000100000000)
  eden space 6144K, 91% used [0x00000000eab00000,0x00000000eb081718,0x00000000eb100000)
  from space 512K, 78% used [0x00000000eb300000,0x00000000eb364cd8,0x00000000eb380000)
  to   space 1024K, 0% used [0x00000000eb180000,0x00000000eb180000,0x00000000eb280000)
 ParOldGen       total 165376K, used 144001K [0x00000000c0000000, 0x00000000ca180000, 0x00000000eab00000)
  object space 165376K, 87% used [0x00000000c0000000,0x00000000c8ca06d0,0x00000000ca180000)
 Metaspace       used 87619K, committed 89088K, reserved 1179648K
  class space    used 8874K, committed 9536K, reserved 1048576K
}
Event: 850.087 GC heap after
{Heap after GC invocations=1380 (full 29):
 PSYoungGen      total 7168K, used 128K [0x00000000eab00000, 0x00000000eb380000, 0x0000000100000000)
  eden space 6144K, 0% used [0x00000000eab00000,0x00000000eab00000,0x00000000eb100000)
  from space 1024K, 12% used [0x00000000eb180000,0x00000000eb1a0000,0x00000000eb280000)
  to   space 512K, 0% used [0x00000000eb300000,0x00000000eb300000,0x00000000eb380000)
 ParOldGen       total 165376K, used 144356K [0x00000000c0000000, 0x00000000ca180000, 0x00000000eab00000)
  object space 165376K, 87% used [0x00000000c0000000,0x00000000c8cf93a8,0x00000000ca180000)
 Metaspace       used 87619K, committed 89088K, reserved 1179648K
  class space    used 8874K, committed 9536K, reserved 1048576K
}
Event: 850.358 GC heap before
{Heap before GC invocations=1381 (full 29):
 PSYoungGen      total 7168K, used 6249K [0x00000000eab00000, 0x00000000eb380000, 0x0000000100000000)
  eden space 6144K, 99% used [0x00000000eab00000,0x00000000eb0fa650,0x00000000eb100000)
  from space 1024K, 12% used [0x00000000eb180000,0x00000000eb1a0000,0x00000000eb280000)
  to   space 512K, 0% used [0x00000000eb300000,0x00000000eb300000,0x00000000eb380000)
 ParOldGen       total 165376K, used 144356K [0x00000000c0000000, 0x00000000ca180000, 0x00000000eab00000)
  object space 165376K, 87% used [0x00000000c0000000,0x00000000c8cf93a8,0x00000000ca180000)
 Metaspace       used 87620K, committed 89088K, reserved 1179648K
  class space    used 8874K, committed 9536K, reserved 1048576K
}
Event: 850.361 GC heap after
{Heap after GC invocations=1381 (full 29):
 PSYoungGen      total 6656K, used 256K [0x00000000eab00000, 0x00000000eb380000, 0x0000000100000000)
  eden space 6144K, 0% used [0x00000000eab00000,0x00000000eab00000,0x00000000eb100000)
  from space 512K, 50% used [0x00000000eb300000,0x00000000eb340000,0x00000000eb380000)
  to   space 512K, 0% used [0x00000000eb280000,0x00000000eb280000,0x00000000eb300000)
 ParOldGen       total 165376K, used 144428K [0x00000000c0000000, 0x00000000ca180000, 0x00000000eab00000)
  object space 165376K, 87% used [0x00000000c0000000,0x00000000c8d0b3a8,0x00000000ca180000)
 Metaspace       used 87620K, committed 89088K, reserved 1179648K
  class space    used 8874K, committed 9536K, reserved 1048576K
}
Event: 850.455 GC heap before
{Heap before GC invocations=1382 (full 29):
 PSYoungGen      total 6656K, used 5403K [0x00000000eab00000, 0x00000000eb380000, 0x0000000100000000)
  eden space 6144K, 83% used [0x00000000eab00000,0x00000000eb006f60,0x00000000eb100000)
  from space 512K, 50% used [0x00000000eb300000,0x00000000eb340000,0x00000000eb380000)
  to   space 512K, 0% used [0x00000000eb280000,0x00000000eb280000,0x00000000eb300000)
 ParOldGen       total 165376K, used 163628K [0x00000000c0000000, 0x00000000ca180000, 0x00000000eab00000)
  object space 165376K, 98% used [0x00000000c0000000,0x00000000c9fcb3c8,0x00000000ca180000)
 Metaspace       used 87620K, committed 89088K, reserved 1179648K
  class space    used 8874K, committed 9536K, reserved 1048576K
}
Event: 850.460 GC heap after
{Heap after GC invocations=1382 (full 29):
 PSYoungGen      total 6656K, used 504K [0x00000000eab00000, 0x00000000eb400000, 0x0000000100000000)
  eden space 6144K, 0% used [0x00000000eab00000,0x00000000eab00000,0x00000000eb100000)
  from space 512K, 98% used [0x00000000eb280000,0x00000000eb2fe098,0x00000000eb300000)
  to   space 1024K, 0% used [0x00000000eb300000,0x00000000eb300000,0x00000000eb400000)
 ParOldGen       total 165376K, used 164205K [0x00000000c0000000, 0x00000000ca180000, 0x00000000eab00000)
  object space 165376K, 99% used [0x00000000c0000000,0x00000000ca05b518,0x00000000ca180000)
 Metaspace       used 87620K, committed 89088K, reserved 1179648K
  class space    used 8874K, committed 9536K, reserved 1048576K
}
Event: 850.470 GC heap before
{Heap before GC invocations=1383 (full 29):
 PSYoungGen      total 6656K, used 1975K [0x00000000eab00000, 0x00000000eb400000, 0x0000000100000000)
  eden space 6144K, 23% used [0x00000000eab00000,0x00000000eac6fb88,0x00000000eb100000)
  from space 512K, 98% used [0x00000000eb280000,0x00000000eb2fe098,0x00000000eb300000)
  to   space 1024K, 0% used [0x00000000eb300000,0x00000000eb300000,0x00000000eb400000)
 ParOldGen       total 165376K, used 164205K [0x00000000c0000000, 0x00000000ca180000, 0x00000000eab00000)
  object space 165376K, 99% used [0x00000000c0000000,0x00000000ca05b518,0x00000000ca180000)
 Metaspace       used 87627K, committed 89088K, reserved 1179648K
  class space    used 8874K, committed 9536K, reserved 1048576K
}
Event: 850.474 GC heap after
{Heap after GC invocations=1383 (full 29):
 PSYoungGen      total 6656K, used 256K [0x00000000eab00000, 0x00000000eb380000, 0x0000000100000000)
  eden space 6144K, 0% used [0x00000000eab00000,0x00000000eab00000,0x00000000eb100000)
  from space 512K, 50% used [0x00000000eb300000,0x00000000eb340000,0x00000000eb380000)
  to   space 1024K, 0% used [0x00000000eb180000,0x00000000eb180000,0x00000000eb280000)
 ParOldGen       total 165376K, used 164565K [0x00000000c0000000, 0x00000000ca180000, 0x00000000eab00000)
  object space 165376K, 99% used [0x00000000c0000000,0x00000000ca0b5630,0x00000000ca180000)
 Metaspace       used 87627K, committed 89088K, reserved 1179648K
  class space    used 8874K, committed 9536K, reserved 1048576K
}
Event: 850.474 GC heap before
{Heap before GC invocations=1384 (full 29):
 PSYoungGen      total 6656K, used 256K [0x00000000eab00000, 0x00000000eb380000, 0x0000000100000000)
  eden space 6144K, 0% used [0x00000000eab00000,0x00000000eab00000,0x00000000eb100000)
  from space 512K, 50% used [0x00000000eb300000,0x00000000eb340000,0x00000000eb380000)
  to   space 1024K, 0% used [0x00000000eb180000,0x00000000eb180000,0x00000000eb280000)
 ParOldGen       total 165376K, used 164565K [0x00000000c0000000, 0x00000000ca180000, 0x00000000eab00000)
  object space 165376K, 99% used [0x00000000c0000000,0x00000000ca0b5630,0x00000000ca180000)
 Metaspace       used 87627K, committed 89088K, reserved 1179648K
  class space    used 8874K, committed 9536K, reserved 1048576K
}
Event: 850.477 GC heap after
{Heap after GC invocations=1384 (full 29):
 PSYoungGen      total 7680K, used 0K [0x00000000eab00000, 0x00000000eb380000, 0x0000000100000000)
  eden space 6656K, 0% used [0x00000000eab00000,0x00000000eab00000,0x00000000eb180000)
  from space 1024K, 0% used [0x00000000eb180000,0x00000000eb180000,0x00000000eb280000)
  to   space 512K, 0% used [0x00000000eb300000,0x00000000eb300000,0x00000000eb380000)
 ParOldGen       total 165376K, used 164773K [0x00000000c0000000, 0x00000000ca180000, 0x00000000eab00000)
  object space 165376K, 99% used [0x00000000c0000000,0x00000000ca0e9630,0x00000000ca180000)
 Metaspace       used 87627K, committed 89088K, reserved 1179648K
  class space    used 8874K, committed 9536K, reserved 1048576K
}
Event: 850.477 GC heap before
{Heap before GC invocations=1385 (full 30):
 PSYoungGen      total 7680K, used 0K [0x00000000eab00000, 0x00000000eb380000, 0x0000000100000000)
  eden space 6656K, 0% used [0x00000000eab00000,0x00000000eab00000,0x00000000eb180000)
  from space 1024K, 0% used [0x00000000eb180000,0x00000000eb180000,0x00000000eb280000)
  to   space 512K, 0% used [0x00000000eb300000,0x00000000eb300000,0x00000000eb380000)
 ParOldGen       total 165376K, used 164773K [0x00000000c0000000, 0x00000000ca180000, 0x00000000eab00000)
  object space 165376K, 99% used [0x00000000c0000000,0x00000000ca0e9630,0x00000000ca180000)
 Metaspace       used 87627K, committed 89088K, reserved 1179648K
  class space    used 8874K, committed 9536K, reserved 1048576K
}
Event: 850.828 GC heap after
{Heap after GC invocations=1385 (full 30):
 PSYoungGen      total 8192K, used 0K [0x00000000eab00000, 0x00000000eb400000, 0x0000000100000000)
  eden space 7680K, 0% used [0x00000000eab00000,0x00000000eab00000,0x00000000eb280000)
  from space 512K, 0% used [0x00000000eb300000,0x00000000eb300000,0x00000000eb380000)
  to   space 512K, 0% used [0x00000000eb280000,0x00000000eb280000,0x00000000eb300000)
 ParOldGen       total 165376K, used 156896K [0x00000000c0000000, 0x00000000ca180000, 0x00000000eab00000)
  object space 165376K, 94% used [0x00000000c0000000,0x00000000c9938150,0x00000000ca180000)
 Metaspace       used 87627K, committed 89088K, reserved 1179648K
  class space    used 8874K, committed 9536K, reserved 1048576K
}
Event: 851.265 GC heap before
{Heap before GC invocations=1386 (full 30):
 PSYoungGen      total 8192K, used 7585K [0x00000000eab00000, 0x00000000eb400000, 0x0000000100000000)
  eden space 7680K, 98% used [0x00000000eab00000,0x00000000eb268550,0x00000000eb280000)
  from space 512K, 0% used [0x00000000eb300000,0x00000000eb300000,0x00000000eb380000)
  to   space 512K, 0% used [0x00000000eb280000,0x00000000eb280000,0x00000000eb300000)
 ParOldGen       total 177152K, used 168416K [0x00000000c0000000, 0x00000000cad00000, 0x00000000eab00000)
  object space 177152K, 95% used [0x00000000c0000000,0x00000000ca478160,0x00000000cad00000)
 Metaspace       used 87627K, committed 89088K, reserved 1179648K
  class space    used 8874K, committed 9536K, reserved 1048576K
}
Event: 851.269 GC heap after
{Heap after GC invocations=1386 (full 30):
 PSYoungGen      total 8192K, used 512K [0x00000000eab00000, 0x00000000eb400000, 0x0000000100000000)
  eden space 7680K, 0% used [0x00000000eab00000,0x00000000eab00000,0x00000000eb280000)
  from space 512K, 100% used [0x00000000eb280000,0x00000000eb300000,0x00000000eb300000)
  to   space 512K, 0% used [0x00000000eb300000,0x00000000eb300000,0x00000000eb380000)
 ParOldGen       total 177152K, used 168416K [0x00000000c0000000, 0x00000000cad00000, 0x00000000eab00000)
  object space 177152K, 95% used [0x00000000c0000000,0x00000000ca478160,0x00000000cad00000)
 Metaspace       used 87627K, committed 89088K, reserved 1179648K
  class space    used 8874K, committed 9536K, reserved 1048576K
}

